[2308] [ALW] [Engine] [External(0)] [External()] [2025-08-24T16:33:08.135Z]: prism: Info: GPU 0
[2308] [ALW] [Engine] [External(0)] [External()] [2025-08-24T16:33:08.135Z]: prism: Info: name: AMD Radeon RX 590 Series (RADV POLARIS10)
[2308] [ALW] [Engine] [External(0)] [External()] [2025-08-24T16:33:08.135Z]: prism: Info: driverVersion: 31.0.21921.1000
[2308] [ALW] [Engine] [External(0)] [External()] [2025-08-24T16:33:08.135Z]: prism: Info: driverDate: 2025-08-24T00:00:00Z
[2308] [ALW] [Engine] [External(0)] [External()] [2025-08-24T16:33:08.135Z]: prism: Info: vendorId: AMD
[2308] [ALW] [Engine] [External(0)] [External()] [2025-08-24T16:33:08.135Z]: prism: Info: deviceId: 0x67df
[2308] [ALW] [Engine] [External(0)] [External()] [2025-08-24T16:33:08.135Z]: prism: Info: subsystemVendorId: 0x0000
[2308] [ALW] [Engine] [External(0)] [External()] [2025-08-24T16:33:08.135Z]: prism: Info: subsystemId: 0x0000
[2308] [ALW] [Engine] [External(0)] [External()] [2025-08-24T16:33:08.135Z]: prism: Info: revisionId: 0x00
[2308] [ALW] [Engine] [External(0)] [External()] [2025-08-24T16:33:08.135Z]: prism: Info: location: 0
[2308] [ALW] [Engine] [External(0)] [External()] [2025-08-24T16:33:08.135Z]: prism: Info: type: Discrete
[2308] [ALW] [Engine] [External(0)] [External()] [2025-08-24T16:33:08.135Z]: prism: Info: virtualizationMode: Unknown
[2308] [ALW] [Engine] [External(0)] [External()] [2025-08-24T16:33:08.135Z]: prism: Info: luid: 0x00000000000003f4
[2308] [ALW] [Engine] [External(0)] [External()] [2025-08-24T16:33:08.135Z]: prism: Info: index: 0
[2308] [ALW] [Engine] [External(0)] [External()] [2025-08-24T16:33:08.135Z]: prism: Info: systemId: 0x0000000084222325
[2308] [ALW] [Engine] [External(0)] [External()] [2025-08-24T16:33:08.135Z]: prism: Info: Hybrid Graphics: 0
[2308] [ALW] [Engine] [External(0)] [External()] [2025-08-24T16:33:08.135Z]: prism: Info: memory: 7936 MiB
[2308] [ALW] [Engine] [External(0)] [External()] [2025-08-24T16:33:08.135Z]: prism: Info: sharedMemory: 7936 MiB
[2308] [ALW] [Engine] [External(0)] [External()] [2025-08-24T16:33:08.135Z]: prism: Info: Max queues: 1 graphics, 1 compute, 1 copy
[2308] [ALW] [Engine] [External(0)] [External()] [2025-08-24T16:33:08.629Z]: prism: Info: Display 0
[2308] [ALW] [Engine] [External(0)] [External()] [2025-08-24T16:33:08.629Z]: prism: Info: name: Display1
[2308] [ALW] [Engine] [External(0)] [External()] [2025-08-24T16:33:08.629Z]: prism: Info: pos: 0,0
[2308] [ALW] [Engine] [External(0)] [External()] [2025-08-24T16:33:08.629Z]: prism: Info: size: 2560x1440
[2308] [ALW] [Engine] [External(0)] [External()] [2025-08-24T16:33:08.629Z]: prism: Info: refreshRate: 165000/1000
[2308] [ALW] [Engine] [External(0)] [External()] [2025-08-24T16:33:08.629Z]: prism: Info: manufacturerId: 0x0000
[2308] [ALW] [Engine] [External(0)] [External()] [2025-08-24T16:33:08.629Z]: prism: Info: productId: 0x0000
[2308] [ALW] [Engine] [External(0)] [External()] [2025-08-24T16:33:08.629Z]: prism: Info: systemId: 0x000000009629cf97
[2308] [ALW] [Engine] [External(0)] [External()] [2025-08-24T16:33:08.629Z]: prism: Info: nativeIndex: 1
[2308] [ALW] [Engine] [External(0)] [External()] [2025-08-24T16:33:08.629Z]: prism: Info: nativeSize: 2560x1440
[2308] [ALW] [Engine] [External(0)] [External()] [2025-08-24T16:33:08.629Z]: prism: Info: nativeRefreshRate: 165/1
[2308] [ALW] [Engine] [External(0)] [External()] [2025-08-24T16:33:08.629Z]: prism: Info: supports4k: 0
[2308] [ALW] [Engine] [External(0)] [External()] [2025-08-24T16:33:08.629Z]: prism: Info: supportsHdr: 0
[2308] [ALW] [Engine] [External(0)] [External()] [2025-08-24T16:33:08.629Z]: prism: Info: supports120Hz: 0
[2308] [ALW] [Engine] [External(0)] [External()] [2025-08-24T16:33:08.629Z]: prism: Info: isPrimary: 1
[2308] [ALW] [Engine] [External(0)] [External()] [2025-08-24T16:33:08.629Z]: prism: Info: hdrEnabled: 0
[2308] [ALW] [Engine] [External(0)] [External()] [2025-08-24T16:33:08.629Z]: prism: Info: isInternal: 1
[2308] [ALW] [Engine] [External(0)] [External()] [2025-08-24T16:33:08.629Z]: prism: Info: freesync: 0
[2308] [ALW] [Engine] [External(0)] [External()] [2025-08-24T16:33:08.629Z]: prism: Info: mode count: 33
[2308] [ALW] [Engine] [External(0)] [External()] [2025-08-24T16:33:08.629Z]: prism: Info: --------------------------------------------
[2308] [ALW] [Engine] [External(0)] [External()] [2025-08-24T16:33:08.629Z]: Enumerated 1 adapters.
[2308] [ALW] [Engine] [External(0)] [External()] [2025-08-24T16:33:08.629Z]: Selected GPU: AMD Radeon RX 590 Series (RADV POLARIS10)
[2308] [ALW] [Engine] [External(0)] [External()] [2025-08-24T16:33:08.629Z]: Selected Display: Display1
[2308] [ALW] [Engine] [External(0)] [External()] [2025-08-24T16:33:08.629Z]: Selected Graphics API: Dx11
[2308] [ALW] [Engine] [External(0)] [External()] [2025-08-24T16:33:08.629Z]: Selected VidDeviceType: Dx11
[2308] [ALW] [Engine] [External(0)] [External()] [2025-08-24T16:33:09.991Z]: Render Thread startup time: 0.000000 secs
[2308] [NRM] [VoiceChat] [External(0)] [External()] [2025-08-24T16:33:31.700Z]: ==[VC] Client begin Base initialize
[2308] [NRM] [VoiceChat] [External(0)] [External()] [2025-08-24T16:33:31.700Z]: ==[VC] Client Base initialized
[2308] [NRM] [VoiceChat] [External(0)] [External()] [2025-08-24T16:33:31.700Z]: ==[VC] Client begin initialize
[2308] [NRM] [VoiceChat] [External(0)] [External()] [2025-08-24T16:33:31.700Z]: ==[VC] Client initialized
[2308] [NRM] [VoiceChat] [External(0)] [External()] [2025-08-24T16:33:31.700Z]: ==[VC] DetermineVoiceChatAudioDevices
[2308] [NRM] [VoiceChat] [External(0)] [External()] [2025-08-24T16:33:31.700Z]: ==[VC] Devices started
[2308] [NRM] [VoiceChat] [External(0)] [External()] [2025-08-24T16:33:31.700Z]: #=[VC] Auto-Join Enabled Flags 0000 -> 0005
[2308] [NRM] [VoiceChat] [External(0)] [External()] [2025-08-24T16:33:31.700Z]: #=[VC] Channel Enabled Flags 0000 -> 0005
[2308] [NRM] [VoiceChat] [External(0)] [External()] [2025-08-24T16:33:31.700Z]: ==[VC] Client started
[2308] [NRM] [VoiceChat] [External(0)] [External()] [2025-08-24T16:33:31.768Z]: ==[VC] SetTargetOutputDevice PulseAudio Output
[2308] [NRM] [VoiceChat] [External(0)] [External()] [2025-08-24T16:33:31.768Z]: ==[VC] SetTargetInputDevice PulseAudio Input
[2308] [NRM] [VoiceChat] [External(0)] [External()] [2025-08-24T16:33:31.825Z]: #=[VC] ResponseGetOutputDevices 01 0(0:811c9dc5) (Default System Device|Default System Device) ({0.0.0.00000000}.{EA1115F7-AD97-429B-8052-7DA8884AE5A2}|PulseAudio Output) ({0.0.0.00000000}.{EA1115F7-AD97-429B-8052-7DA8884AE5A2}|PulseAudio Output) ({0.0.0.00000000}.{EA1115F7-AD97-429B-8052-7DA8884AE5A2}|PulseAudio Output)
[2308] [NRM] [VoiceChat] [External(0)] [External()] [2025-08-24T16:33:31.825Z]: ==[VC] Output devices added [(Default Communication Device|Default Communication Device),(Default System Device|Default System Device),(No Device|No Device),({0.0.0.00000000}.{679EBC24-5CE1-4C82-B790-53D2FCABFF0A}|Ellesmere HDMI Audio [Radeon RX 470/480 / 570/580/590]),({0.0.0.00000000}.{C59A0D63-5503-4EE7-B7FA-3CEF89D710D8}|Focusrite Scarlett 2i2 Analoges Stereo),({0.0.0.00000000}.{C5B4A4A5-FA40-47B2-9344-F545223FA4F2}|Family 17h/19h/1ah HD Audio Controller),({0.0.0.00000000}.{EA1115F7-AD97-429B-8052-7DA8884AE5A2}|PulseAudio Output)]
[2308] [NRM] [VoiceChat] [External(0)] [External()] [2025-08-24T16:33:31.825Z]: ==[VC] New active output device (Default System Device|Default System Device)
[2308] [NRM] [VoiceChat] [External(0)] [External()] [2025-08-24T16:33:31.825Z]: #=[VC] ResponseGetInputDevices 01 0(0:811c9dc5) (Default System Device|Default System Device) ({0.0.1.00000000}.{5E3A0AA9-B025-4535-8CCD-A62DA863BCB0}|PulseAudio Input) ({0.0.1.00000000}.{5E3A0AA9-B025-4535-8CCD-A62DA863BCB0}|PulseAudio Input) ({0.0.1.00000000}.{5E3A0AA9-B025-4535-8CCD-A62DA863BCB0}|PulseAudio Input)
[2308] [NRM] [VoiceChat] [External(0)] [External()] [2025-08-24T16:33:31.825Z]: ==[VC] Input devices added [(Default Communication Device|Default Communication Device),(Default System Device|Default System Device),(No Device|No Device),({0.0.1.00000000}.{5C3FD11F-8375-4802-941B-82E7EE157063}|Family 17h/19h/1ah HD Audio Controller Analoges Stereo),({0.0.1.00000000}.{5E3A0AA9-B025-4535-8CCD-A62DA863BCB0}|PulseAudio Input),({0.0.1.00000000}.{678ACD40-4485-48A3-94A8-0F4FC40D5264}|Focusrite Scarlett 2i2 Analoges Stereo),({0.0.1.00000000}.{744EC614-D8BD-4CFB-99DC-E6AF983132FE}|Monitor of Family 17h/19h/1ah HD Audio Controller),({0.0.1.00000000}.{EEE27407-7CFD-4D61-8812-4493E93D2A6F}|Monitor of Focusrite Scarlett 2i2 Analoges Stereo),({0.0.1.00000000}.{FA59C9C2-B185-4A63-BA5F-69F302823142}|Monitor of HDA ATI HDMI Digital Stereo (HDMI 6))]
[2308] [NRM] [VoiceChat] [External(0)] [External()] [2025-08-24T16:33:31.825Z]: ==[VC] New active input device (Default System Device|Default System Device)
[2308] [NRM] [VoiceChat] [External(0)] [External()] [2025-08-24T16:33:31.831Z]: ==[VC] SetTargetOutputDevice PulseAudio Output
[2308] [NRM] [VoiceChat] [External(0)] [External()] [2025-08-24T16:33:31.831Z]: ==[VC] SetTargetInputDevice PulseAudio Input
[2308] [NRM] [VoiceChat] [External(0)] [External()] [2025-08-24T16:33:31.932Z]: #=[VC] ResponseGetOutputDevices 01 0(0:811c9dc5) (Default System Device|Default System Device) ({0.0.0.00000000}.{EA1115F7-AD97-429B-8052-7DA8884AE5A2}|PulseAudio Output) ({0.0.0.00000000}.{EA1115F7-AD97-429B-8052-7DA8884AE5A2}|PulseAudio Output) ({0.0.0.00000000}.{EA1115F7-AD97-429B-8052-7DA8884AE5A2}|PulseAudio Output)
[2308] [NRM] [VoiceChat] [External(0)] [External()] [2025-08-24T16:33:31.932Z]: #=[VC] ResponseGetInputDevices 01 0(0:811c9dc5) (Default System Device|Default System Device) ({0.0.1.00000000}.{5E3A0AA9-B025-4535-8CCD-A62DA863BCB0}|PulseAudio Input) ({0.0.1.00000000}.{5E3A0AA9-B025-4535-8CCD-A62DA863BCB0}|PulseAudio Input) ({0.0.1.00000000}.{5E3A0AA9-B025-4535-8CCD-A62DA863BCB0}|PulseAudio Input)
[2308] [NRM] [VoiceChat] [External(0)] [External()] [2025-08-24T16:33:31.999Z]: ==[VC] RequestSetActiveOutputDevice ({0.0.0.00000000}.{EA1115F7-AD97-429B-8052-7DA8884AE5A2}|PulseAudio Output)
[2308] [NRM] [VoiceChat] [External(0)] [External()] [2025-08-24T16:33:31.999Z]: ==[VC] RequestSetActiveInputDevice ({0.0.1.00000000}.{5E3A0AA9-B025-4535-8CCD-A62DA863BCB0}|PulseAudio Input)
[2308] [NRM] [VoiceChat] [External(0)] [External()] [2025-08-24T16:33:32.004Z]: #=[VC] ResponseSetActiveOutputDevice 02 0(0:811c9dc5) 
[2308] [NRM] [VoiceChat] [External(0)] [External()] [2025-08-24T16:33:32.004Z]: ==[VC] New active output device ({0.0.0.00000000}.{EA1115F7-AD97-429B-8052-7DA8884AE5A2}|PulseAudio Output)
[2308] [NRM] [VoiceChat] [External(0)] [External()] [2025-08-24T16:33:32.004Z]: #=[VC] ResponseSetActiveInputDevice 02 0(0:811c9dc5) 
[2308] [NRM] [VoiceChat] [External(0)] [External()] [2025-08-24T16:33:32.004Z]: ==[VC] New active input device ({0.0.1.00000000}.{5E3A0AA9-B025-4535-8CCD-A62DA863BCB0}|PulseAudio Input)
[2308] [NRM] [VoiceChat] [External(0)] [External()] [2025-08-24T16:33:49.023Z]: #=[VC] ChatSystem switching to new TEAM channel: _?__WUA==__?_
[2308] [NRM] [VoiceChat] [External(0)] [External()] [2025-08-24T16:33:49.023Z]: ==[VC] LeaveAllVoiceChannels()
[2308] [NRM] [VoiceChat] [External(0)] [External()] [2025-08-24T16:33:49.023Z]: ==[VC] JoinVoiceChannel() _?__WUA==__?_ - TEAM - active = 1
[2308] [NRM] [VoiceChat] [External(0)] [External()] [2025-08-24T16:33:49.023Z]: ==[VC] Request channel transmit 1030025111 (true)
[2308] [NRM] [VoiceChat] [External(0)] [External()] [2025-08-24T16:33:49.023Z]: ==[VC] Request join channel TEAM 1030025111 bd64ef97
[2308] [NRM] [VoiceChat] [External(0)] [External()] [2025-08-24T16:33:49.023Z]: #=[VC] __SetTargetActiveChannelType(UNKNOWN -> TEAM) : -2
[2308] [NRM] [VoiceChat] [External(0)] [External()] [2025-08-24T16:33:49.040Z]: ==[VC] Request login 8cb663f2
[2308] [NRM] [VoiceChat] [External(0)] [External()] [2025-08-24T16:33:49.040Z]: ==[VC] Login credentials requested
[2308] [NRM] [VoiceChat] [External(0)] [External()] [2025-08-24T16:33:50.373Z]: #=[VC] LoginCredentials 5 0 8cb663f2 6cd0722a 7d33d227
[2308] [NRM] [VoiceChat] [External(0)] [External()] [2025-08-24T16:33:50.373Z]: ==[VC] Connect requested 080206e9 7d33d227
[2308] [NRM] [VoiceChat] [External(0)] [External()] [2025-08-24T16:33:51.139Z]: #=[VC] ResponseConnect 05 0(0:811c9dc5) 080206e9
[2308] [NRM] [VoiceChat] [External(0)] [External()] [2025-08-24T16:33:51.156Z]: ==[VC] Login requested 080206e9 9bd5d047 6cd0722a 8cb663f2
[2308] [NRM] [VoiceChat] [External(0)] [External()] [2025-08-24T16:33:51.189Z]: #=[VC] LoggingIn 00 0(0:811c9dc5) 9bd5d047
[2308] [NRM] [VoiceChat] [External(0)] [External()] [2025-08-24T16:33:52.756Z]: #=[VC] ResponseLogin 05 0(0:811c9dc5) 8da1bae1@4a95b6d2
[2308] [NRM] [VoiceChat] [External(0)] [External()] [2025-08-24T16:33:52.756Z]: #=[VC] LoggedIn 00 0(0:811c9dc5) 9bd5d047
[2308] [NRM] [VoiceChat] [External(0)] [External()] [2025-08-24T16:33:52.773Z]: ==[VC] Login complete 8cb663f2 6cd0722a 9bd5d047 
[2308] [NRM] [VoiceChat] [External(0)] [External()] [2025-08-24T16:33:52.789Z]: ==[VC] SetPushToTalk (true)
[2308] [NRM] [VoiceChat] [External(0)] [External()] [2025-08-24T16:33:52.789Z]: ==[VC] SetPTTVADProperties
[2308] [NRM] [VoiceChat] [External(0)] [External()] [2025-08-24T16:33:52.789Z]: ==[VC] Channel credentials requested TEAM 1030025111
[2308] [NRM] [VoiceChat] [External(0)] [External()] [2025-08-24T16:33:52.806Z]: #=[VC] ResponseGetVADProperties 07 0(0:811c9dc5) hangover 2000 sensitivity 43 noisefloor 576 auto false
[2308] [NRM] [VoiceChat] [External(0)] [External()] [2025-08-24T16:33:52.839Z]: #=[VC] SetOutputVolume 06 0(0:811c9dc5) 
[2308] [NRM] [VoiceChat] [External(0)] [External()] [2025-08-24T16:33:52.839Z]: #=[VC] ResponseSetVADProperties 07 0(0:811c9dc5) 
[2308] [NRM] [VoiceChat] [External(0)] [External()] [2025-08-24T16:33:52.839Z]: ==[VC] SetVADProperties success hangover 2000 sensitivity 0 noisefloor 576 auto false
[2308] [NRM] [VoiceChat] [External(0)] [External()] [2025-08-24T16:33:52.839Z]: #=[VC] SetInputVolume 06 0(0:811c9dc5) 
[2308] [NRM] [VoiceChat] [External(0)] [External()] [2025-08-24T16:33:52.839Z]: #=[VC] MuteInput 06 0(0:811c9dc5) 
[2308] [NRM] [VoiceChat] [External(0)] [External()] [2025-08-24T16:33:53.240Z]: #=[VC] ChannelCredentials 4 0 bd64ef97 759b2d22@4a95b6d2
[2308] [NRM] [VoiceChat] [External(0)] [External()] [2025-08-24T16:33:53.240Z]: ==[VC] Join channel requested 9bd5d047 1030025111 759b2d22@4a95b6d2
[2308] [NRM] [VoiceChat] [External(0)] [External()] [2025-08-24T16:33:53.257Z]: #=[VC] ResponseJoinChannel 04 0(0:811c9dc5) 1030025111
[2308] [NRM] [VoiceChat] [External(0)] [External()] [2025-08-24T16:33:53.273Z]: #=[VC] ChannelAdded 1030025111 bd64ef97
[2308] [NRM] [VoiceChat] [External(0)] [External()] [2025-08-24T16:33:53.406Z]: #=[VC] ChannelConnection 00 0(0:811c9dc5) 1030025111 bd64ef97 Connecting
[2308] [NRM] [VoiceChat] [External(0)] [External()] [2025-08-24T16:33:53.990Z]: #=[VC] ChannelConnection 00 0(0:811c9dc5) 1030025111 bd64ef97 Connected
[2308] [NRM] [VoiceChat] [External(0)] [External()] [2025-08-24T16:33:53.990Z]: #=[VC] MemberAdded 1030025111 bd64ef97 8da1bae1@4a95b6d2 6cd0722a true
[2308] [NRM] [VoiceChat] [External(0)] [External()] [2025-08-24T16:33:54.007Z]: ==[VC] Join channel complete 1030025111
[2308] [NRM] [VoiceChat] [External(0)] [External()] [2025-08-24T16:33:54.023Z]: ==[VC] Channel transmit requested 1030025111 (true)
[2308] [NRM] [VoiceChat] [External(0)] [External()] [2025-08-24T16:33:54.040Z]: #=[VC] ResponseStartTransmit 03 0(0:811c9dc5) 1030025111
[2308] [NRM] [VoiceChat] [External(0)] [External()] [2025-08-24T16:33:54.040Z]: ==[VC] OnJoinChannel NONE -> TEAM

[2308] [NRM] [VoiceChat] [External(0)] [External()] [2025-08-24T16:33:54.057Z]: ==[VC] Notified Lobby of Active channel NONE -> TEAM

[2308] [NRM] [VoiceChat] [External(0)] [External()] [2025-08-24T16:33:54.057Z]: ==[VC] Channel transmit set 1030025111 (true)
[2308] [NRM] [VoiceChat] [External(0)] [External()] [2025-08-24T16:33:54.239Z]: #=[VC] MemberIDUpdate 1030025111 6cd0722a 8cb663f2
[2308] [NRM] [VoiceChat] [External(0)] [External()] [2025-08-24T16:33:54.239Z]: ==[VC] Member identity updated 6cd0722a 8cb663f2 86a8b3f4
[2308] [NRM] [VoiceChat] [External(0)] [External()] [2025-08-24T16:43:23.367Z]: #=[VC] ChatSystem leaving TEAM channel: _?__WUA==__?_
[2308] [NRM] [VoiceChat] [External(0)] [External()] [2025-08-24T16:43:23.367Z]: ==[VC] LeaveVoiceChannel() _?__WUA==__?_
[2308] [NRM] [VoiceChat] [External(0)] [External()] [2025-08-24T16:43:23.367Z]: ==[VC] Request leave channel 1030025111
[2308] [NRM] [VoiceChat] [External(0)] [External()] [2025-08-24T16:43:23.367Z]: ==[VC] Leave channel requested 1030025111 bd64ef97
[2308] [NRM] [VoiceChat] [External(0)] [External()] [2025-08-24T16:43:23.484Z]: ==[VC] Notified Lobby of Active channel TEAM -> NONE

[2308] [NRM] [VoiceChat] [External(0)] [External()] [2025-08-24T16:43:23.568Z]: #=[VC] ChannelConnection 00 0(0:811c9dc5) 1030025111 bd64ef97 Disconnecting
[2308] [NRM] [VoiceChat] [External(0)] [External()] [2025-08-24T16:43:23.568Z]: #=[VC] ResponseLeaveChannel 08 0(0:811c9dc5) bd64ef97 1030025111
[2308] [NRM] [VoiceChat] [External(0)] [External()] [2025-08-24T16:43:23.568Z]: #=[VC] ChannelConnection 00 0(0:811c9dc5) 1030025111 bd64ef97 Disconnected
[2308] [NRM] [VoiceChat] [External(0)] [External()] [2025-08-24T16:43:23.568Z]: #=[VC] MemberRemoved 1030025111 bd64ef97 8da1bae1@4a95b6d2 6cd0722a 0
[2308] [NRM] [VoiceChat] [External(0)] [External()] [2025-08-24T16:43:23.577Z]: #=[VC] ChannelRemoved 1030025111 bd64ef97 
[2308] [NRM] [VoiceChat] [External(0)] [External()] [2025-08-24T16:43:23.583Z]: ==[VC] Leave channel complete 1030025111
[2308] [NRM] [VoiceChat] [External(0)] [External()] [2025-08-24T16:43:25.591Z]: #=[VC] __SetTargetActiveChannelType(TEAM -> UNKNOWN) : 2
[2308] [NRM] [VoiceChat] [External(0)] [External()] [2025-08-24T16:43:28.591Z]: ==[VC] Request logout
[2308] [NRM] [VoiceChat] [External(0)] [External()] [2025-08-24T16:43:28.608Z]: ==[VC] Logout requested 9bd5d047
[2308] [NRM] [VoiceChat] [External(0)] [External()] [2025-08-24T16:43:28.758Z]: #=[VC] ResponseLogout 09 0(0:811c9dc5) 
[2308] [NRM] [VoiceChat] [External(0)] [External()] [2025-08-24T16:43:28.758Z]: #=[VC] LoggingOut 00 0(0:811c9dc5) 9bd5d047
[2308] [NRM] [VoiceChat] [External(0)] [External()] [2025-08-24T16:43:28.758Z]: #=[VC] LoggedOut 00 0(0:811c9dc5) 9bd5d047
[2308] [NRM] [VoiceChat] [External(0)] [External()] [2025-08-24T16:43:28.791Z]: ==[VC] Disconnect requested 080206e9
[2308] [NRM] [VoiceChat] [External(0)] [External()] [2025-08-24T16:43:28.808Z]: #=[VC] ResponseDisconnect 09 0(0:811c9dc5) 
[2308] [NRM] [VoiceChat] [External(0)] [External()] [2025-08-24T16:43:28.825Z]: ==[VC] Disconnect complete
[2308] [NRM] [VoiceChat] [External(0)] [External()] [2025-08-24T16:43:36.631Z]: #=[VC] ChatSystem switching to new TEAM channel: _?__Q2w==__?_
[2308] [NRM] [VoiceChat] [External(0)] [External()] [2025-08-24T16:43:36.631Z]: ==[VC] LeaveAllVoiceChannels()
[2308] [NRM] [VoiceChat] [External(0)] [External()] [2025-08-24T16:43:36.631Z]: ==[VC] JoinVoiceChannel() _?__Q2w==__?_ - TEAM - active = 1
[2308] [NRM] [VoiceChat] [External(0)] [External()] [2025-08-24T16:43:36.631Z]: ==[VC] Request channel transmit 1675210560 (true)
[2308] [NRM] [VoiceChat] [External(0)] [External()] [2025-08-24T16:43:36.631Z]: ==[VC] Request join channel TEAM 1675210560 e3d9af40
[2308] [NRM] [VoiceChat] [External(0)] [External()] [2025-08-24T16:43:36.631Z]: #=[VC] __SetTargetActiveChannelType(UNKNOWN -> TEAM) : -2
[2308] [NRM] [VoiceChat] [External(0)] [External()] [2025-08-24T16:43:36.631Z]: ==[VC] Request login 8cb663f2
[2308] [NRM] [VoiceChat] [External(0)] [External()] [2025-08-24T16:43:36.631Z]: ==[VC] Login credentials requested
[2308] [NRM] [VoiceChat] [External(0)] [External()] [2025-08-24T16:43:37.632Z]: #=[VC] LoginCredentials c 0 8cb663f2 6cd0722a 7d33d227
[2308] [NRM] [VoiceChat] [External(0)] [External()] [2025-08-24T16:43:37.632Z]: ==[VC] Connect requested 05020230 7d33d227
[2308] [NRM] [VoiceChat] [External(0)] [External()] [2025-08-24T16:43:38.632Z]: #=[VC] ResponseConnect 0c 0(0:811c9dc5) 05020230
[2308] [NRM] [VoiceChat] [External(0)] [External()] [2025-08-24T16:43:39.633Z]: ==[VC] Login requested 05020230 9cd5d1da 6cd0722a 8cb663f2
[2308] [NRM] [VoiceChat] [External(0)] [External()] [2025-08-24T16:43:40.633Z]: #=[VC] LoggingIn 00 0(0:811c9dc5) 9cd5d1da
[2308] [NRM] [VoiceChat] [External(0)] [External()] [2025-08-24T16:43:42.634Z]: #=[VC] ResponseLogin 0c 0(0:811c9dc5) 8da1bae1@4a95b6d2
[2308] [NRM] [VoiceChat] [External(0)] [External()] [2025-08-24T16:43:42.634Z]: #=[VC] LoggedIn 00 0(0:811c9dc5) 9cd5d1da
[2308] [NRM] [VoiceChat] [External(0)] [External()] [2025-08-24T16:43:43.635Z]: ==[VC] Login complete 8cb663f2 6cd0722a 9cd5d1da 
[2308] [NRM] [VoiceChat] [External(0)] [External()] [2025-08-24T16:43:44.636Z]: ==[VC] Channel credentials requested TEAM 1675210560
[2308] [NRM] [VoiceChat] [External(0)] [External()] [2025-08-24T16:43:45.636Z]: #=[VC] ChannelCredentials b 0 e3d9af40 9f775a6a@4a95b6d2
[2308] [NRM] [VoiceChat] [External(0)] [External()] [2025-08-24T16:43:45.636Z]: ==[VC] Join channel requested 9cd5d1da 1675210560 9f775a6a@4a95b6d2
[2308] [ERR] [VoiceChat] [External(0)] [External()] [2025-08-24T16:43:46.636Z]: ==[VC] RequestTracker a expired
[2308] [ERR] [VoiceChat] [External(0)] [External()] [2025-08-24T16:43:46.636Z]: ==[VC] RequestTracker b expired
[2308] [ERR] [VoiceChat] [External(0)] [External()] [2025-08-24T16:43:46.636Z]: ==[VC] Join channel expired 1675210560 3
[2308] [NRM] [VoiceChat] [External(0)] [External()] [2025-08-24T16:43:46.636Z]: #=[VC] ResponseJoinChannel 0b 0(0:811c9dc5) 1675210560
[2308] [ERR] [VoiceChat] [External(0)] [External()] [2025-08-24T16:43:46.636Z]: ==[VC] Unexpected join channel response 1675210560
[2308] [NRM] [VoiceChat] [External(0)] [External()] [2025-08-24T16:43:47.636Z]: ==[VC] LeaveVoiceChannel() _?__Q2w==__?_
[2308] [NRM] [VoiceChat] [External(0)] [External()] [2025-08-24T16:43:47.636Z]: #=[VC] ChannelAdded 1675210560 e3d9af40
[2308] [ERR] [VoiceChat] [External(0)] [External()] [2025-08-24T16:43:47.636Z]: ==[VC] Unexpected channel added 1675210560 e3d9af40
[2308] [NRM] [VoiceChat] [External(0)] [External()] [2025-08-24T16:43:47.636Z]: #=[VC] MemberAdded 1675210560 e3d9af40 3dd2b70d@4a95b6d2 8d04c602 false
[2308] [ERR] [VoiceChat] [External(0)] [External()] [2025-08-24T16:43:47.636Z]: ==[VC] Member added for unknown channel e3d9af40 1675210560
[2308] [ERR] [VoiceChat] [External(0)] [External()] [2025-08-24T16:43:47.636Z]: ==[VC] Member update for unknown channel 1675210560 e3d9af40 3dd2b70d@4a95b6d2
[2308] [NRM] [VoiceChat] [External(0)] [External()] [2025-08-24T16:43:47.636Z]: #=[VC] MemberAdded 1675210560 e3d9af40 4a54bb69@4a95b6d2 385159d4 false
[2308] [ERR] [VoiceChat] [External(0)] [External()] [2025-08-24T16:43:47.636Z]: ==[VC] Member added for unknown channel e3d9af40 1675210560
[2308] [ERR] [VoiceChat] [External(0)] [External()] [2025-08-24T16:43:47.636Z]: ==[VC] Member update for unknown channel 1675210560 e3d9af40 4a54bb69@4a95b6d2
[2308] [NRM] [VoiceChat] [External(0)] [External()] [2025-08-24T16:43:47.636Z]: #=[VC] MemberAdded 1675210560 e3d9af40 9c445270@4a95b6d2 262d9adb false
[2308] [ERR] [VoiceChat] [External(0)] [External()] [2025-08-24T16:43:47.636Z]: ==[VC] Member added for unknown channel e3d9af40 1675210560
[2308] [ERR] [VoiceChat] [External(0)] [External()] [2025-08-24T16:43:47.636Z]: ==[VC] Member update for unknown channel 1675210560 e3d9af40 9c445270@4a95b6d2
[2308] [NRM] [VoiceChat] [External(0)] [External()] [2025-08-24T16:43:47.636Z]: #=[VC] ChannelConnection 00 0(0:811c9dc5) 1675210560 e3d9af40 Connecting
[2308] [NRM] [VoiceChat] [External(0)] [External()] [2025-08-24T16:43:47.636Z]: #=[VC] ChannelConnection 00 0(0:811c9dc5) 1675210560 e3d9af40 Connected
[2308] [NRM] [VoiceChat] [External(0)] [External()] [2025-08-24T16:43:47.636Z]: #=[VC] MemberAdded 1675210560 e3d9af40 8da1bae1@4a95b6d2 6cd0722a true
[2308] [ERR] [VoiceChat] [External(0)] [External()] [2025-08-24T16:43:47.636Z]: ==[VC] Member added for unknown channel e3d9af40 1675210560
[2308] [ERR] [VoiceChat] [External(0)] [External()] [2025-08-24T16:43:47.636Z]: ==[VC] Member update for unknown channel 1675210560 e3d9af40 8da1bae1@4a95b6d2
[2308] [ERR] [VoiceChat] [External(0)] [External()] [2025-08-24T16:43:47.636Z]: ==[VC] Member update for unknown channel 1675210560 e3d9af40 8da1bae1@4a95b6d2
[2308] [ERR] [VoiceChat] [External(0)] [External()] [2025-08-24T16:43:47.636Z]: ==[VC] Member update for unknown channel 1675210560 e3d9af40 4a54bb69@4a95b6d2
[2308] [ERR] [VoiceChat] [External(0)] [External()] [2025-08-24T16:43:47.636Z]: ==[VC] Member update for unknown channel 1675210560 e3d9af40 9c445270@4a95b6d2
[2308] [ERR] [VoiceChat] [External(0)] [External()] [2025-08-24T16:43:47.636Z]: ==[VC] Member update for unknown channel 1675210560 e3d9af40 3dd2b70d@4a95b6d2
[2308] [ERR] [VoiceChat] [External(0)] [External()] [2025-08-24T16:43:47.636Z]: ==[VC] Member update for unknown channel 1675210560 e3d9af40 8da1bae1@4a95b6d2
[2308] [NRM] [VoiceChat] [External(0)] [External()] [2025-08-24T16:43:50.636Z]: #=[VC] ChatSystem switching to new TEAM channel: _?__Q2w==__?_
[2308] [NRM] [VoiceChat] [External(0)] [External()] [2025-08-24T16:43:50.636Z]: ==[VC] LeaveAllVoiceChannels()
[2308] [NRM] [VoiceChat] [External(0)] [External()] [2025-08-24T16:43:50.636Z]: ==[VC] JoinVoiceChannel() _?__Q2w==__?_ - TEAM - active = 1
[2308] [NRM] [VoiceChat] [External(0)] [External()] [2025-08-24T16:43:50.636Z]: ==[VC] Request channel transmit 1675210560 (true)
[2308] [NRM] [VoiceChat] [External(0)] [External()] [2025-08-24T16:43:50.636Z]: ==[VC] Request join channel TEAM 1675210560 e3d9af40
[2308] [NRM] [VoiceChat] [External(0)] [External()] [2025-08-24T16:43:50.636Z]: ==[VC] Channel credentials requested TEAM 1675210560
[2308] [NRM] [VoiceChat] [External(0)] [External()] [2025-08-24T16:43:51.636Z]: #=[VC] ChannelCredentials e 0 e3d9af40 9f775a6a@4a95b6d2
[2308] [NRM] [VoiceChat] [External(0)] [External()] [2025-08-24T16:43:51.636Z]: ==[VC] Join channel requested 9cd5d1da 1675210560 9f775a6a@4a95b6d2
[2308] [NRM] [VoiceChat] [External(0)] [External()] [2025-08-24T16:43:52.636Z]: #=[VC] ResponseJoinChannel 0e 7(5006:dfaa837c) 1675210560
[2308] [ERR] [VoiceChat] [External(0)] [External()] [2025-08-24T16:43:53.636Z]: ==[VC] Join channel failed TEAM 1675210560 9f775a6a@4a95b6d2
[2308] [NRM] [VoiceChat] [External(0)] [External()] [2025-08-24T16:43:53.636Z]: ==[VC] Request stop
[2308] [NRM] [VoiceChat] [External(0)] [External()] [2025-08-24T16:43:53.636Z]: ==[VC] Cancel all queued trackers 2
[2308] [NRM] [VoiceChat] [External(0)] [External()] [2025-08-24T16:43:53.636Z]: ==[VC] Request tracker canceled 4
[2308] [NRM] [VoiceChat] [External(0)] [External()] [2025-08-24T16:43:53.636Z]: ==[VC] Request logout
[2308] [NRM] [VoiceChat] [External(0)] [External()] [2025-08-24T16:43:54.636Z]: ==[VC] Destroy voice client
[2308] [NRM] [VoiceChat] [External(0)] [External()] [2025-08-24T16:43:54.636Z]: ==[VC] AboutToShutdown
[2308] [NRM] [VoiceChat] [External(0)] [External()] [2025-08-24T16:43:54.636Z]: ==[VC] Shutdown
[2308] [ERR] [VoiceChat] [External(0)] [External()] [2025-08-24T16:43:54.636Z]: ==[VC] Force destroy 4
[2308] [ERR] [VoiceChat] [External(0)] [External()] [2025-08-24T16:43:54.636Z]: ==[VC] Force destroy 1
[2308] [ERR] [VoiceChat] [External(0)] [External()] [2025-08-24T16:43:54.636Z]: ==[VC] Force destroy 2
[2308] [ERR] [VoiceChat] [External(0)] [External()] [2025-08-24T16:43:54.636Z]: ==[VC] Stop request failed. Forcing stop state
[2308] [NRM] [VoiceChat] [External(0)] [External()] [2025-08-24T16:43:54.636Z]: ==[VC] LeaveVoiceChannel() _?__Q2w==__?_
[2308] [NRM] [VoiceChat] [External(0)] [External()] [2025-08-24T16:43:55.637Z]: ==[VC] Client begin Base initialize
[2308] [NRM] [VoiceChat] [External(0)] [External()] [2025-08-24T16:43:55.637Z]: ==[VC] Client Base initialized
[2308] [NRM] [VoiceChat] [External(0)] [External()] [2025-08-24T16:43:55.637Z]: ==[VC] Client begin initialize
[2308] [NRM] [VoiceChat] [External(0)] [External()] [2025-08-24T16:43:55.637Z]: ==[VC] Client initialized
[2308] [NRM] [VoiceChat] [External(0)] [External()] [2025-08-24T16:43:55.637Z]: ==[VC] DetermineVoiceChatAudioDevices
[2308] [NRM] [VoiceChat] [External(0)] [External()] [2025-08-24T16:43:55.637Z]: ==[VC] Devices started
[2308] [NRM] [VoiceChat] [External(0)] [External()] [2025-08-24T16:43:55.637Z]: ==[VC] Client started
[2308] [NRM] [VoiceChat] [External(0)] [External()] [2025-08-24T16:43:56.637Z]: ==[VC] SetTargetOutputDevice PulseAudio Output
[2308] [NRM] [VoiceChat] [External(0)] [External()] [2025-08-24T16:43:56.637Z]: ==[VC] SetTargetInputDevice PulseAudio Input
[2308] [NRM] [VoiceChat] [External(0)] [External()] [2025-08-24T16:43:57.637Z]: #=[VC] ChatSystem switching to new TEAM channel: _?__Q2w==__?_
[2308] [NRM] [VoiceChat] [External(0)] [External()] [2025-08-24T16:43:57.637Z]: ==[VC] LeaveAllVoiceChannels()
[2308] [NRM] [VoiceChat] [External(0)] [External()] [2025-08-24T16:43:57.637Z]: ==[VC] JoinVoiceChannel() _?__Q2w==__?_ - TEAM - active = 1
[2308] [NRM] [VoiceChat] [External(0)] [External()] [2025-08-24T16:43:57.637Z]: ==[VC] Request channel transmit 1675210560 (true)
[2308] [NRM] [VoiceChat] [External(0)] [External()] [2025-08-24T16:43:57.637Z]: ==[VC] Request join channel TEAM 1675210560 e3d9af40
[2308] [NRM] [VoiceChat] [External(0)] [External()] [2025-08-24T16:43:57.637Z]: ==[VC] Request login 8cb663f2
[2308] [NRM] [VoiceChat] [External(0)] [External()] [2025-08-24T16:43:57.637Z]: ==[VC] Login credentials requested
[2308] [NRM] [VoiceChat] [External(0)] [External()] [2025-08-24T16:43:57.637Z]: #=[VC] ResponseGetOutputDevices 11 0(0:811c9dc5) (Default System Device|Default System Device) ({0.0.0.00000000}.{EA1115F7-AD97-429B-8052-7DA8884AE5A2}|PulseAudio Output) ({0.0.0.00000000}.{EA1115F7-AD97-429B-8052-7DA8884AE5A2}|PulseAudio Output) ({0.0.0.00000000}.{EA1115F7-AD97-429B-8052-7DA8884AE5A2}|PulseAudio Output)
[2308] [NRM] [VoiceChat] [External(0)] [External()] [2025-08-24T16:43:57.637Z]: ==[VC] Output devices added [(Default Communication Device|Default Communication Device),(Default System Device|Default System Device),(No Device|No Device),({0.0.0.00000000}.{679EBC24-5CE1-4C82-B790-53D2FCABFF0A}|Ellesmere HDMI Audio [Radeon RX 470/480 / 570/580/590]),({0.0.0.00000000}.{C59A0D63-5503-4EE7-B7FA-3CEF89D710D8}|Focusrite Scarlett 2i2 Analoges Stereo),({0.0.0.00000000}.{C5B4A4A5-FA40-47B2-9344-F545223FA4F2}|Family 17h/19h/1ah HD Audio Controller),({0.0.0.00000000}.{EA1115F7-AD97-429B-8052-7DA8884AE5A2}|PulseAudio Output)]
[2308] [NRM] [VoiceChat] [External(0)] [External()] [2025-08-24T16:43:57.637Z]: ==[VC] New active output device (Default System Device|Default System Device)
[2308] [NRM] [VoiceChat] [External(0)] [External()] [2025-08-24T16:43:57.637Z]: #=[VC] ResponseGetInputDevices 11 0(0:811c9dc5) (Default System Device|Default System Device) ({0.0.1.00000000}.{5E3A0AA9-B025-4535-8CCD-A62DA863BCB0}|PulseAudio Input) ({0.0.1.00000000}.{5E3A0AA9-B025-4535-8CCD-A62DA863BCB0}|PulseAudio Input) ({0.0.1.00000000}.{5E3A0AA9-B025-4535-8CCD-A62DA863BCB0}|PulseAudio Input)
[2308] [NRM] [VoiceChat] [External(0)] [External()] [2025-08-24T16:43:57.637Z]: ==[VC] Input devices added [(Default Communication Device|Default Communication Device),(Default System Device|Default System Device),(No Device|No Device),({0.0.1.00000000}.{5C3FD11F-8375-4802-941B-82E7EE157063}|Family 17h/19h/1ah HD Audio Controller Analoges Stereo),({0.0.1.00000000}.{5E3A0AA9-B025-4535-8CCD-A62DA863BCB0}|PulseAudio Input),({0.0.1.00000000}.{678ACD40-4485-48A3-94A8-0F4FC40D5264}|Focusrite Scarlett 2i2 Analoges Stereo),({0.0.1.00000000}.{744EC614-D8BD-4CFB-99DC-E6AF983132FE}|Monitor of Family 17h/19h/1ah HD Audio Controller),({0.0.1.00000000}.{EEE27407-7CFD-4D61-8812-4493E93D2A6F}|Monitor of Focusrite Scarlett 2i2 Analoges Stereo),({0.0.1.00000000}.{FA59C9C2-B185-4A63-BA5F-69F302823142}|Monitor of HDA ATI HDMI Digital Stereo (HDMI 6))]
[2308] [NRM] [VoiceChat] [External(0)] [External()] [2025-08-24T16:43:57.637Z]: ==[VC] New active input device (Default System Device|Default System Device)
[2308] [NRM] [VoiceChat] [External(0)] [External()] [2025-08-24T16:43:58.164Z]: #=[VC] LoginCredentials 15 0 8cb663f2 6cd0722a 7d33d227
[2308] [NRM] [VoiceChat] [External(0)] [External()] [2025-08-24T16:43:58.164Z]: ==[VC] SetTargetOutputDevice PulseAudio Output
[2308] [NRM] [VoiceChat] [External(0)] [External()] [2025-08-24T16:43:58.164Z]: ==[VC] SetTargetInputDevice PulseAudio Input
[2308] [NRM] [VoiceChat] [External(0)] [External()] [2025-08-24T16:43:58.164Z]: ==[VC] Connect requested 060203c3 7d33d227
[2308] [NRM] [VoiceChat] [External(0)] [External()] [2025-08-24T16:43:58.209Z]: #=[VC] ResponseGetOutputDevices 11 0(0:811c9dc5) (Default System Device|Default System Device) ({0.0.0.00000000}.{EA1115F7-AD97-429B-8052-7DA8884AE5A2}|PulseAudio Output) ({0.0.0.00000000}.{EA1115F7-AD97-429B-8052-7DA8884AE5A2}|PulseAudio Output) ({0.0.0.00000000}.{EA1115F7-AD97-429B-8052-7DA8884AE5A2}|PulseAudio Output)
[2308] [NRM] [VoiceChat] [External(0)] [External()] [2025-08-24T16:43:58.209Z]: #=[VC] ResponseGetInputDevices 11 0(0:811c9dc5) (Default System Device|Default System Device) ({0.0.1.00000000}.{5E3A0AA9-B025-4535-8CCD-A62DA863BCB0}|PulseAudio Input) ({0.0.1.00000000}.{5E3A0AA9-B025-4535-8CCD-A62DA863BCB0}|PulseAudio Input) ({0.0.1.00000000}.{5E3A0AA9-B025-4535-8CCD-A62DA863BCB0}|PulseAudio Input)
[2308] [NRM] [VoiceChat] [External(0)] [External()] [2025-08-24T16:43:58.258Z]: ==[VC] RequestSetActiveOutputDevice ({0.0.0.00000000}.{EA1115F7-AD97-429B-8052-7DA8884AE5A2}|PulseAudio Output)
[2308] [NRM] [VoiceChat] [External(0)] [External()] [2025-08-24T16:43:58.258Z]: ==[VC] RequestSetActiveInputDevice ({0.0.1.00000000}.{5E3A0AA9-B025-4535-8CCD-A62DA863BCB0}|PulseAudio Input)
[2308] [NRM] [VoiceChat] [External(0)] [External()] [2025-08-24T16:43:58.275Z]: #=[VC] ResponseSetActiveOutputDevice 12 0(0:811c9dc5) 
[2308] [NRM] [VoiceChat] [External(0)] [External()] [2025-08-24T16:43:58.275Z]: ==[VC] New active output device ({0.0.0.00000000}.{EA1115F7-AD97-429B-8052-7DA8884AE5A2}|PulseAudio Output)
[2308] [NRM] [VoiceChat] [External(0)] [External()] [2025-08-24T16:43:58.275Z]: #=[VC] ResponseSetActiveInputDevice 12 0(0:811c9dc5) 
[2308] [NRM] [VoiceChat] [External(0)] [External()] [2025-08-24T16:43:58.275Z]: ==[VC] New active input device ({0.0.1.00000000}.{5E3A0AA9-B025-4535-8CCD-A62DA863BCB0}|PulseAudio Input)
[2308] [NRM] [VoiceChat] [External(0)] [External()] [2025-08-24T16:43:58.732Z]: #=[VC] ResponseConnect 15 0(0:811c9dc5) 060203c3
[2308] [NRM] [VoiceChat] [External(0)] [External()] [2025-08-24T16:43:58.749Z]: ==[VC] Login requested 060203c3 9dd5d36d 6cd0722a 8cb663f2
[2308] [NRM] [VoiceChat] [External(0)] [External()] [2025-08-24T16:43:58.766Z]: #=[VC] LoggingIn 00 0(0:811c9dc5) 9dd5d36d
[2308] [NRM] [VoiceChat] [External(0)] [External()] [2025-08-24T16:44:00.182Z]: #=[VC] ResponseLogin 15 0(0:811c9dc5) 8da1bae1@4a95b6d2
[2308] [NRM] [VoiceChat] [External(0)] [External()] [2025-08-24T16:44:00.182Z]: #=[VC] LoggedIn 00 0(0:811c9dc5) 9dd5d36d
[2308] [NRM] [VoiceChat] [External(0)] [External()] [2025-08-24T16:44:00.200Z]: ==[VC] Login complete 8cb663f2 6cd0722a 9dd5d36d 
[2308] [NRM] [VoiceChat] [External(0)] [External()] [2025-08-24T16:44:00.216Z]: ==[VC] SetPushToTalk (true)
[2308] [NRM] [VoiceChat] [External(0)] [External()] [2025-08-24T16:44:00.216Z]: ==[VC] SetPTTVADProperties
[2308] [NRM] [VoiceChat] [External(0)] [External()] [2025-08-24T16:44:00.216Z]: ==[VC] Channel credentials requested TEAM 1675210560
[2308] [NRM] [VoiceChat] [External(0)] [External()] [2025-08-24T16:44:00.233Z]: #=[VC] ResponseGetVADProperties 17 0(0:811c9dc5) hangover 2000 sensitivity 43 noisefloor 576 auto false
[2308] [NRM] [VoiceChat] [External(0)] [External()] [2025-08-24T16:44:00.266Z]: #=[VC] SetOutputVolume 16 0(0:811c9dc5) 
[2308] [NRM] [VoiceChat] [External(0)] [External()] [2025-08-24T16:44:00.266Z]: #=[VC] SetInputVolume 16 0(0:811c9dc5) 
[2308] [NRM] [VoiceChat] [External(0)] [External()] [2025-08-24T16:44:00.266Z]: #=[VC] ResponseSetVADProperties 17 0(0:811c9dc5) 
[2308] [NRM] [VoiceChat] [External(0)] [External()] [2025-08-24T16:44:00.266Z]: ==[VC] SetVADProperties success hangover 2000 sensitivity 0 noisefloor 576 auto false
[2308] [NRM] [VoiceChat] [External(0)] [External()] [2025-08-24T16:44:00.266Z]: #=[VC] MuteInput 16 0(0:811c9dc5) 
[2308] [NRM] [VoiceChat] [External(0)] [External()] [2025-08-24T16:44:00.849Z]: #=[VC] ChannelCredentials 14 0 e3d9af40 9f775a6a@4a95b6d2
[2308] [NRM] [VoiceChat] [External(0)] [External()] [2025-08-24T16:44:00.849Z]: ==[VC] Join channel requested 9dd5d36d 1675210560 9f775a6a@4a95b6d2
[2308] [NRM] [VoiceChat] [External(0)] [External()] [2025-08-24T16:44:00.866Z]: #=[VC] ResponseJoinChannel 14 0(0:811c9dc5) 1675210560
[2308] [NRM] [VoiceChat] [External(0)] [External()] [2025-08-24T16:44:00.882Z]: #=[VC] ChannelAdded 1675210560 e3d9af40
[2308] [NRM] [VoiceChat] [External(0)] [External()] [2025-08-24T16:44:00.999Z]: #=[VC] MemberAdded 1675210560 e3d9af40 3dd2b70d@4a95b6d2 8d04c602 false
[2308] [NRM] [VoiceChat] [External(0)] [External()] [2025-08-24T16:44:00.999Z]: #=[VC] MemberAdded 1675210560 e3d9af40 4a54bb69@4a95b6d2 385159d4 false
[2308] [NRM] [VoiceChat] [External(0)] [External()] [2025-08-24T16:44:00.999Z]: #=[VC] MemberAdded 1675210560 e3d9af40 9c445270@4a95b6d2 262d9adb false
[2308] [NRM] [VoiceChat] [External(0)] [External()] [2025-08-24T16:44:00.999Z]: #=[VC] ChannelConnection 00 0(0:811c9dc5) 1675210560 e3d9af40 Connecting
[2308] [NRM] [VoiceChat] [External(0)] [External()] [2025-08-24T16:44:01.233Z]: #=[VC] ResponseMuteMember 18 5(20000:2de0a63e) 
[2308] [ERR] [VoiceChat] [External(0)] [External()] [2025-08-24T16:44:01.233Z]: ==[VC] MuteMember failed e3d9af40 3dd2b70d@4a95b6d2 5(20000:2de0a63e)
[2308] [NRM] [VoiceChat] [External(0)] [External()] [2025-08-24T16:44:01.233Z]: #=[VC] ResponseMuteMember 19 5(20000:2de0a63e) 
[2308] [ERR] [VoiceChat] [External(0)] [External()] [2025-08-24T16:44:01.233Z]: ==[VC] MuteMember failed e3d9af40 4a54bb69@4a95b6d2 5(20000:2de0a63e)
[2308] [NRM] [VoiceChat] [External(0)] [External()] [2025-08-24T16:44:01.266Z]: #=[VC] MemberIDUpdate 1675210560 8d04c602 0e6880c1
[2308] [NRM] [VoiceChat] [External(0)] [External()] [2025-08-24T16:44:01.266Z]: #=[VC] MemberIDUpdate 1675210560 385159d4 1c4cf070
[2308] [NRM] [VoiceChat] [External(0)] [External()] [2025-08-24T16:44:01.266Z]: #=[VC] MemberIDUpdate 1675210560 262d9adb b3f2ae1b
[2308] [NRM] [VoiceChat] [External(0)] [External()] [2025-08-24T16:44:01.266Z]: ==[VC] Member identity updated 8d04c602 0e6880c1 86a8b3f4
[2308] [NRM] [VoiceChat] [External(0)] [External()] [2025-08-24T16:44:01.266Z]: ==[VC] Member identity updated 385159d4 1c4cf070 86a8b3f4
[2308] [NRM] [VoiceChat] [External(0)] [External()] [2025-08-24T16:44:01.266Z]: ==[VC] Member identity updated 262d9adb b3f2ae1b 86a8b3f4
[2308] [NRM] [VoiceChat] [External(0)] [External()] [2025-08-24T16:44:01.649Z]: #=[VC] ChannelConnection 00 0(0:811c9dc5) 1675210560 e3d9af40 Connected
[2308] [NRM] [VoiceChat] [External(0)] [External()] [2025-08-24T16:44:01.649Z]: #=[VC] MemberAdded 1675210560 e3d9af40 8da1bae1@4a95b6d2 6cd0722a true
[2308] [NRM] [VoiceChat] [External(0)] [External()] [2025-08-24T16:44:01.649Z]: #=[VC] ResponseMuteMember 1a 0(0:811c9dc5) 
[2308] [NRM] [VoiceChat] [External(0)] [External()] [2025-08-24T16:44:01.668Z]: ==[VC] Join channel complete 1675210560
[2308] [NRM] [VoiceChat] [External(0)] [External()] [2025-08-24T16:44:01.683Z]: ==[VC] Channel transmit requested 1675210560 (true)
[2308] [NRM] [VoiceChat] [External(0)] [External()] [2025-08-24T16:44:01.699Z]: #=[VC] ResponseStartTransmit 13 0(0:811c9dc5) 1675210560
[2308] [NRM] [VoiceChat] [External(0)] [External()] [2025-08-24T16:44:01.699Z]: ==[VC] OnJoinChannel NONE -> TEAM

[2308] [NRM] [VoiceChat] [External(0)] [External()] [2025-08-24T16:44:01.716Z]: ==[VC] Notified Lobby of Active channel NONE -> TEAM

[2308] [NRM] [VoiceChat] [External(0)] [External()] [2025-08-24T16:44:01.716Z]: ==[VC] Channel transmit set 1675210560 (true)
[2308] [NRM] [VoiceChat] [External(0)] [External()] [2025-08-24T16:44:01.949Z]: #=[VC] MemberIDUpdate 1675210560 6cd0722a 8cb663f2
[2308] [NRM] [VoiceChat] [External(0)] [External()] [2025-08-24T16:44:01.949Z]: ==[VC] Member identity updated 6cd0722a 8cb663f2 86a8b3f4
[2308] [NRM] [VoiceChat] [External(0)] [External()] [2025-08-24T16:44:02.232Z]: #=[VC] ResponseMuteMember 1a 0(0:811c9dc5) 
[2308] [NRM] [VoiceChat] [External(0)] [External()] [2025-08-24T16:44:59.147Z]: #=[VC] ResponseMuteMember 1b 0(0:811c9dc5) 
[2308] [NRM] [VoiceChat] [External(0)] [External()] [2025-08-24T16:44:59.147Z]: #=[VC] ResponseMuteMember 1c 0(0:811c9dc5) 
[2308] [NRM] [VoiceChat] [External(0)] [External()] [2025-08-24T16:44:59.147Z]: #=[VC] ResponseMuteMember 1d 0(0:811c9dc5) 
[2308] [NRM] [VoiceChat] [External(0)] [External()] [2025-08-24T16:45:15.835Z]: #=[VC] ResponseMuteMember 1e 0(0:811c9dc5) 
[2308] [NRM] [VoiceChat] [External(0)] [External()] [2025-08-24T16:45:15.948Z]: #=[VC] ResponseMuteMember 1f 0(0:811c9dc5) 
[2308] [NRM] [VoiceChat] [External(0)] [External()] [2025-08-24T16:45:16.080Z]: #=[VC] ResponseMuteMember 20 0(0:811c9dc5) 
[2308] [NRM] [VoiceChat] [External(0)] [External()] [2025-08-24T17:00:15.319Z]: #=[VC] MemberRemoved 1675210560 e3d9af40 9c445270@4a95b6d2 262d9adb 0
[2308] [NRM] [VoiceChat] [External(0)] [External()] [2025-08-24T17:00:15.330Z]: #=[VC] ResponseMuteMember 21 0(0:811c9dc5) 
[2308] [NRM] [VoiceChat] [External(0)] [External()] [2025-08-24T17:00:15.330Z]: #=[VC] MemberRemoved 1675210560 e3d9af40 4a54bb69@4a95b6d2 385159d4 0
[2308] [ERR] [VoiceChat] [External(0)] [External()] [2025-08-24T17:00:15.384Z]: ==[VC] Member not found for member modify 1675210560 4a54bb69@4a95b6d2
[2308] [NRM] [VoiceChat] [External(0)] [External()] [2025-08-24T17:00:15.448Z]: #=[VC] ResponseMuteMember 22 0(0:811c9dc5) 
[2308] [ERR] [VoiceChat] [External(0)] [External()] [2025-08-24T17:00:15.448Z]: ==[VC] Member not found for member modify response 1675210560 9c445270@4a95b6d2
[2308] [ERR] [VoiceChat] [External(0)] [External()] [2025-08-24T17:00:15.487Z]: ==[VC] Member not found for member modify 1675210560 9c445270@4a95b6d2
[2308] [NRM] [VoiceChat] [External(0)] [External()] [2025-08-24T17:00:21.611Z]: #=[VC] ChatSystem leaving TEAM channel: _?__Q2w==__?_
[2308] [NRM] [VoiceChat] [External(0)] [External()] [2025-08-24T17:00:21.611Z]: ==[VC] LeaveVoiceChannel() _?__Q2w==__?_
[2308] [NRM] [VoiceChat] [External(0)] [External()] [2025-08-24T17:00:21.611Z]: ==[VC] Request leave channel 1675210560
[2308] [NRM] [VoiceChat] [External(0)] [External()] [2025-08-24T17:00:21.611Z]: ==[VC] Leave channel requested 1675210560 e3d9af40
[2308] [NRM] [VoiceChat] [External(0)] [External()] [2025-08-24T17:00:21.731Z]: ==[VC] Notified Lobby of Active channel TEAM -> NONE

[2308] [NRM] [VoiceChat] [External(0)] [External()] [2025-08-24T17:00:21.832Z]: #=[VC] ChannelConnection 00 0(0:811c9dc5) 1675210560 e3d9af40 Disconnecting
[2308] [NRM] [VoiceChat] [External(0)] [External()] [2025-08-24T17:00:21.832Z]: #=[VC] ResponseLeaveChannel 23 0(0:811c9dc5) e3d9af40 1675210560
[2308] [NRM] [VoiceChat] [External(0)] [External()] [2025-08-24T17:00:21.832Z]: #=[VC] ChannelConnection 00 0(0:811c9dc5) 1675210560 e3d9af40 Disconnected
[2308] [NRM] [VoiceChat] [External(0)] [External()] [2025-08-24T17:00:21.832Z]: #=[VC] MemberRemoved 1675210560 e3d9af40 8da1bae1@4a95b6d2 6cd0722a 0
[2308] [NRM] [VoiceChat] [External(0)] [External()] [2025-08-24T17:00:21.836Z]: #=[VC] ChannelRemoved 1675210560 e3d9af40 
[2308] [NRM] [VoiceChat] [External(0)] [External()] [2025-08-24T17:00:21.846Z]: ==[VC] Leave channel complete 1675210560
[2308] [NRM] [VoiceChat] [External(0)] [External()] [2025-08-24T17:00:21.846Z]: #=[VC] ResponseMuteMember 24 1(1001:bd0706aa) 
[2308] [ERR] [VoiceChat] [External(0)] [External()] [2025-08-24T17:00:21.846Z]: ==[VC] MuteMember failed e3d9af40 3dd2b70d@4a95b6d2 1(1001:bd0706aa)
[2308] [ERR] [VoiceChat] [External(0)] [External()] [2025-08-24T17:00:21.861Z]: ==[VC] Channel not found for member modify 1675210560 3dd2b70d@4a95b6d2
[2308] [NRM] [VoiceChat] [External(0)] [External()] [2025-08-24T17:00:23.847Z]: #=[VC] __SetTargetActiveChannelType(TEAM -> UNKNOWN) : 2
[2308] [NRM] [VoiceChat] [External(0)] [External()] [2025-08-24T17:00:26.847Z]: ==[VC] Request logout
[2308] [NRM] [VoiceChat] [External(0)] [External()] [2025-08-24T17:00:26.864Z]: ==[VC] Logout requested 9dd5d36d
[2308] [NRM] [VoiceChat] [External(0)] [External()] [2025-08-24T17:00:26.997Z]: #=[VC] ResponseLogout 25 0(0:811c9dc5) 
[2308] [NRM] [VoiceChat] [External(0)] [External()] [2025-08-24T17:00:26.997Z]: #=[VC] LoggingOut 00 0(0:811c9dc5) 9dd5d36d
[2308] [NRM] [VoiceChat] [External(0)] [External()] [2025-08-24T17:00:26.997Z]: #=[VC] LoggedOut 00 0(0:811c9dc5) 9dd5d36d
[2308] [NRM] [VoiceChat] [External(0)] [External()] [2025-08-24T17:00:27.031Z]: ==[VC] Disconnect requested 060203c3
[2308] [NRM] [VoiceChat] [External(0)] [External()] [2025-08-24T17:00:27.047Z]: #=[VC] ResponseDisconnect 25 0(0:811c9dc5) 
[2308] [NRM] [VoiceChat] [External(0)] [External()] [2025-08-24T17:00:27.064Z]: ==[VC] Disconnect complete
[2308] [NRM] [VoiceChat] [External(0)] [External()] [2025-08-24T17:03:35.765Z]: #=[VC] Auto-Join Enabled Flags 0005 -> 0000
